2019-01-17 14:19:07.848  INFO 4408 --- [main] .s.s.Springboot03LoggingApplicationTests : Starting Springboot03LoggingApplicationTests on yidongdeMBP with PID 4408 (started by yidong in /Users/yidong/idea_ws/springboot-03-logging)
2019-01-17 14:19:07.850 DEBUG 4408 --- [main] .s.s.Springboot03LoggingApplicationTests : Running with Spring Boot v2.1.2.RELEASE, Spring v5.1.4.RELEASE
2019-01-17 14:19:07.851  INFO 4408 --- [main] .s.s.Springboot03LoggingApplicationTests : No active profile set, falling back to default profiles: default
2019-01-17 14:19:10.197  INFO 4408 --- [main] o.s.s.concurrent.ThreadPoolTaskExecutor  : Initializing ExecutorService 'applicationTaskExecutor'
2019-01-17 14:19:10.607  INFO 4408 --- [main] .s.s.Springboot03LoggingApplicationTests : Started Springboot03LoggingApplicationTests in 3.824 seconds (JVM running for 5.463)
2019-01-17 14:19:10.836 TRACE 4408 --- [main] .s.s.Springboot03LoggingApplicationTests : 这是trace日志...
2019-01-17 14:19:10.836 DEBUG 4408 --- [main] .s.s.Springboot03LoggingApplicationTests : 这是debug日志...
2019-01-17 14:19:10.836  INFO 4408 --- [main] .s.s.Springboot03LoggingApplicationTests : 这是info日志...
2019-01-17 14:19:10.837  WARN 4408 --- [main] .s.s.Springboot03LoggingApplicationTests : 这是warn日志...
2019-01-17 14:19:10.837 ERROR 4408 --- [main] .s.s.Springboot03LoggingApplicationTests : 这是error日志...
2019-01-17 14:19:10.851  INFO 4408 --- [Thread-2] o.s.s.concurrent.ThreadPoolTaskExecutor  : Shutting down ExecutorService 'applicationTaskExecutor'
2019-01-17 14:23:01.983  INFO 4441 --- [main] .s.s.Springboot03LoggingApplicationTests : Starting Springboot03LoggingApplicationTests on yidongdeMBP with PID 4441 (started by yidong in /Users/yidong/idea_ws/springboot-03-logging)
2019-01-17 14:23:01.988 DEBUG 4441 --- [main] .s.s.Springboot03LoggingApplicationTests : Running with Spring Boot v2.1.2.RELEASE, Spring v5.1.4.RELEASE
2019-01-17 14:23:01.989  INFO 4441 --- [main] .s.s.Springboot03LoggingApplicationTests : No active profile set, falling back to default profiles: default
2019-01-17 14:23:04.602  INFO 4441 --- [main] o.s.s.concurrent.ThreadPoolTaskExecutor  : Initializing ExecutorService 'applicationTaskExecutor'
2019-01-17 14:23:05.008  INFO 4441 --- [main] .s.s.Springboot03LoggingApplicationTests : Started Springboot03LoggingApplicationTests in 3.95 seconds (JVM running for 5.368)
2019-01-17 14:23:05.288 TRACE 4441 --- [main] .s.s.Springboot03LoggingApplicationTests : 这是trace日志...
2019-01-17 14:23:05.288 DEBUG 4441 --- [main] .s.s.Springboot03LoggingApplicationTests : 这是debug日志...
2019-01-17 14:23:05.288  INFO 4441 --- [main] .s.s.Springboot03LoggingApplicationTests : 这是info日志...
2019-01-17 14:23:05.289  WARN 4441 --- [main] .s.s.Springboot03LoggingApplicationTests : 这是warn日志...
2019-01-17 14:23:05.289 ERROR 4441 --- [main] .s.s.Springboot03LoggingApplicationTests : 这是error日志...
2019-01-17 14:23:05.301  INFO 4441 --- [Thread-2] o.s.s.concurrent.ThreadPoolTaskExecutor  : Shutting down ExecutorService 'applicationTaskExecutor'
2019-01-17 14:24:51.317  INFO 4455 --- [main] .s.s.Springboot03LoggingApplicationTests : Starting Springboot03LoggingApplicationTests on yidongdeMBP with PID 4455 (started by yidong in /Users/yidong/idea_ws/springboot-03-logging)
2019-01-17 14:24:51.319 DEBUG 4455 --- [main] .s.s.Springboot03LoggingApplicationTests : Running with Spring Boot v2.1.2.RELEASE, Spring v5.1.4.RELEASE
2019-01-17 14:24:51.320  INFO 4455 --- [main] .s.s.Springboot03LoggingApplicationTests : No active profile set, falling back to default profiles: default
2019-01-17 14:24:53.974  INFO 4455 --- [main] o.s.s.concurrent.ThreadPoolTaskExecutor  : Initializing ExecutorService 'applicationTaskExecutor'
2019-01-17 14:24:54.356  INFO 4455 --- [main] .s.s.Springboot03LoggingApplicationTests : Started Springboot03LoggingApplicationTests in 3.852 seconds (JVM running for 5.306)
2019-01-17 14:24:54.658 TRACE 4455 --- [main] .s.s.Springboot03LoggingApplicationTests : 这是trace日志...
2019-01-17 14:24:54.659 DEBUG 4455 --- [main] .s.s.Springboot03LoggingApplicationTests : 这是debug日志...
2019-01-17 14:24:54.659  INFO 4455 --- [main] .s.s.Springboot03LoggingApplicationTests : 这是info日志...
2019-01-17 14:24:54.659  WARN 4455 --- [main] .s.s.Springboot03LoggingApplicationTests : 这是warn日志...
2019-01-17 14:24:54.659 ERROR 4455 --- [main] .s.s.Springboot03LoggingApplicationTests : 这是error日志...
2019-01-17 14:24:54.675  INFO 4455 --- [Thread-2] o.s.s.concurrent.ThreadPoolTaskExecutor  : Shutting down ExecutorService 'applicationTaskExecutor'
